<?xml version="1.0" encoding="UTF-8"?>
<!-- Generated by org.testng.reporters.JUnitReportReporter -->
<testsuite hostname="AcerAspire7" failures="0" tests="2" name="tests.LoginTest" time="36.972" errors="0" timestamp="2024-12-21T23:02:57 IST" skipped="0">
  <testcase classname="tests.LoginTest" name="login" time="17.825"/>
  <testcase classname="tests.LoginTest" name="login" time="19.147"/>
</testsuite> <!-- tests.LoginTest -->
